[0.785][INFO]: COMMAND InitSession {
   "capabilities": {
      "desiredCapabilities": {
         "browserName": "chrome",
         "goog:chromeOptions": {
            "args": [ "test-type" ],
            "extensions": [  ]
         },
         "platform": "ANY",
         "version": ""
      },
      "firstMatch": [ {
         "browserName": "chrome",
         "goog:chromeOptions": {
            "args": [ "test-type" ],
            "extensions": [  ]
         }
      } ]
   },
   "desiredCapabilities": {
      "browserName": "chrome",
      "goog:chromeOptions": {
         "args": [ "test-type" ],
         "extensions": [  ]
      },
      "platform": "ANY",
      "version": ""
   }
}
[0.788][INFO]: Populating Preferences file: {
   "alternate_error_pages": {
      "enabled": false
   },
   "autofill": {
      "enabled": false
   },
   "browser": {
      "check_default_browser": false
   },
   "distribution": {
      "import_bookmarks": false,
      "import_history": false,
      "import_search_engine": false,
      "make_chrome_default_for_user": false,
      "show_welcome_page": false,
      "skip_first_run_ui": true
   },
   "dns_prefetching": {
      "enabled": false
   },
   "profile": {
      "content_settings": {
         "pattern_pairs": {
            "https://*,*": {
               "media-stream": {
                  "audio": "Default",
                  "video": "Default"
               }
            }
         }
      },
      "default_content_setting_values": {
         "geolocation": 1
      },
      "default_content_settings": {
         "geolocation": 1,
         "mouselock": 1,
         "notifications": 1,
         "popups": 1,
         "ppapi-broker": 1
      },
      "password_manager_enabled": false
   },
   "safebrowsing": {
      "enabled": false
   },
   "search": {
      "suggest_enabled": false
   },
   "translate": {
      "enabled": false
   }
}
[0.790][INFO]: Populating Local State file: {
   "background_mode": {
      "enabled": false
   },
   "ssl": {
      "rev_checking": {
         "enabled": false
      }
   }
}
[0.898][INFO]: Cannot switch to US keyboard layout - some keys may be interpreted incorrectly
[0.898][INFO]: Launching chrome: "C:\Program Files (x86)\Google\Chrome\Application\chrome.exe" --disable-background-networking --disable-browser-side-navigation --disable-client-side-phishing-detection --disable-default-apps --disable-hang-monitor --disable-popup-blocking --disable-prompt-on-repost --disable-sync --disable-web-resources --enable-automation --enable-logging --force-fieldtrials=SiteIsolationExtensions/Control --ignore-certificate-errors --load-extension="C:\Users\VP000072\AppData\Local\Temp\scoped_dir18100_5791\internal" --log-level=0 --metrics-recording-only --no-first-run --password-store=basic --remote-debugging-port=12829 --safebrowsing-disable-auto-update --test-type --use-mock-keychain --user-data-dir="C:\Users\VP000072\AppData\Local\Temp\scoped_dir18100_22353" data:,
[1.589][INFO]: resolved localhost to ["::1","127.0.0.1"]
[2.610][INFO]: RESPONSE InitSession {
   "acceptSslCerts": true,
   "applicationCacheEnabled": false,
   "browserConnectionEnabled": false,
   "browserName": "chrome",
   "chrome": {
      "chromedriverVersion": "2.33.506120 (e3e53437346286c0bc2d2dc9aa4915ba81d9023f)",
      "userDataDir": "C:\\Users\\VP000072\\AppData\\Local\\Temp\\scoped_dir18100_22353"
   },
   "cssSelectorsEnabled": true,
   "databaseEnabled": false,
   "handlesAlerts": true,
   "hasTouchScreen": false,
   "javascriptEnabled": true,
   "locationContextEnabled": true,
   "mobileEmulationEnabled": false,
   "nativeEvents": true,
   "networkConnectionEnabled": false,
   "pageLoadStrategy": "normal",
   "platform": "Windows NT",
   "rotatable": false,
   "setWindowRect": true,
   "takesHeapSnapshot": true,
   "~~~": "..."
}
[2.702][INFO]: COMMAND MaximizeWindow {
   "handle": "current",
   "windowHandle": "current"
}
[2.703][INFO]: resolved localhost to ["::1","127.0.0.1"]
[3.834][INFO]: RESPONSE MaximizeWindow
[3.838][INFO]: COMMAND Navigate {
   "url": "https://pefrvlwasqaf003.pre.mx.corp:1443/BSP/home/index2.html"
}
[3.838][INFO]: Waiting for pending navigations...
[3.849][INFO]: Done waiting for pending navigations. Status: ok
[8.181][INFO]: Waiting for pending navigations...
[12.471][INFO]: Done waiting for pending navigations. Status: ok
[12.471][INFO]: RESPONSE Navigate
[12.482][INFO]: COMMAND FindElement {
   "using": "xpath",
   "value": "//*[@id='rut_completo']"
}
[12.482][INFO]: Waiting for pending navigations...
[12.482][INFO]: Done waiting for pending navigations. Status: ok
[12.499][INFO]: Waiting for pending navigations...
[12.500][INFO]: Done waiting for pending navigations. Status: ok
[12.500][INFO]: RESPONSE FindElement {
   "ELEMENT": "0.804369748475199-1"
}
[12.506][INFO]: COMMAND TypeElement {
   "id": "0.804369748475199-1",
   "value": [ "PGUERRERO" ]
}
[12.506][INFO]: Waiting for pending navigations...
[12.507][INFO]: Done waiting for pending navigations. Status: ok
[12.598][INFO]: Waiting for pending navigations...
[12.599][INFO]: Done waiting for pending navigations. Status: ok
[12.599][INFO]: RESPONSE TypeElement
[29.871][INFO]: COMMAND FindElement {
   "using": "xpath",
   "value": "//*[@id='tablaMaestra']/tbody/tr[3]/td/table/tbody/tr/td[1]/table/tbody/tr/td[2]/a"
}
[29.875][INFO]: Waiting for pending navigations...
[29.876][INFO]: Done waiting for pending navigations. Status: ok
[29.891][INFO]: Waiting for pending navigations...
[29.892][INFO]: Done waiting for pending navigations. Status: ok
[29.892][INFO]: RESPONSE FindElement {
   "ELEMENT": "0.2874517301396846-1"
}
[29.901][INFO]: COMMAND ClickElement {
   "id": "0.2874517301396846-1"
}
[29.901][INFO]: Waiting for pending navigations...
[29.902][INFO]: Done waiting for pending navigations. Status: ok
[29.953][INFO]: Waiting for pending navigations...
[30.332][INFO]: Done waiting for pending navigations. Status: ok
[30.332][INFO]: RESPONSE ClickElement
[30.749][INFO]: COMMAND FindElement {
   "using": "xpath",
   "value": "//*[@id='links_pie_pagina']/tbody/tr[2]/td/table[2]/tbody/tr/td[2]/table/tbody/tr/td[2]/a"
}
[30.749][INFO]: Waiting for pending navigations...
[30.750][INFO]: Done waiting for pending navigations. Status: ok
[30.765][INFO]: Waiting for pending navigations...
[30.765][INFO]: Done waiting for pending navigations. Status: ok
[30.765][INFO]: RESPONSE FindElement {
   "ELEMENT": "0.27618979362510343-1"
}
[30.777][INFO]: COMMAND ClickElement {
   "id": "0.27618979362510343-1"
}
[30.777][INFO]: Waiting for pending navigations...
[30.777][INFO]: Done waiting for pending navigations. Status: ok
[30.819][INFO]: Waiting for pending navigations...
[32.178][INFO]: Done waiting for pending navigations. Status: ok
[32.178][INFO]: RESPONSE ClickElement
[32.576][INFO]: COMMAND FindElement {
   "using": "xpath",
   "value": "/html/frameset/frameset/frameset/frameset/frame[2]"
}
[32.576][INFO]: Waiting for pending navigations...
[32.578][INFO]: Done waiting for pending navigations. Status: ok
[32.593][INFO]: Waiting for pending navigations...
[32.594][INFO]: Done waiting for pending navigations. Status: ok
[32.594][INFO]: RESPONSE FindElement {
   "ELEMENT": "0.24640594152231632-1"
}
[32.604][INFO]: COMMAND SwitchToFrame {
   "id": {
      "ELEMENT": "0.24640594152231632-1",
      "element-6066-11e4-a52e-4f735466cecf": "0.24640594152231632-1"
   }
}
[32.604][INFO]: Waiting for pending navigations...
[32.605][INFO]: Done waiting for pending navigations. Status: ok
[32.628][INFO]: Waiting for pending navigations...
[32.629][INFO]: Done waiting for pending navigations. Status: ok
[32.629][INFO]: RESPONSE SwitchToFrame
[35.422][INFO]: COMMAND FindElement {
   "using": "xpath",
   "value": "//*[@id='tree']/ul[2]/li[6]/span/span[3]"
}
[35.423][INFO]: Waiting for pending navigations...
[35.424][INFO]: Done waiting for pending navigations. Status: ok
[35.437][INFO]: Waiting for pending navigations...
[35.438][INFO]: Done waiting for pending navigations. Status: ok
[35.438][INFO]: RESPONSE FindElement {
   "ELEMENT": "0.33044806315331754-1"
}
[35.448][INFO]: COMMAND ClickElement {
   "id": "0.33044806315331754-1"
}
[35.448][INFO]: Waiting for pending navigations...
[35.449][INFO]: Done waiting for pending navigations. Status: ok
[35.537][INFO]: Waiting for pending navigations...
[36.915][INFO]: Done waiting for pending navigations. Status: ok
[36.915][INFO]: RESPONSE ClickElement
[37.949][INFO]: COMMAND SwitchToFrame {
   "id": null
}
[37.949][INFO]: Waiting for pending navigations...
[37.950][INFO]: Done waiting for pending navigations. Status: ok
[37.950][INFO]: Waiting for pending navigations...
[37.951][INFO]: Done waiting for pending navigations. Status: ok
[37.951][INFO]: RESPONSE SwitchToFrame
[39.328][INFO]: COMMAND FindElement {
   "using": "xpath",
   "value": "/html/frameset/frame[2]"
}
[39.328][INFO]: Waiting for pending navigations...
[39.332][INFO]: Done waiting for pending navigations. Status: ok
[39.355][INFO]: Waiting for pending navigations...
[39.358][INFO]: Done waiting for pending navigations. Status: ok
[39.358][INFO]: RESPONSE FindElement {
   "ELEMENT": "0.04533418668261491-1"
}
[39.371][INFO]: COMMAND SwitchToFrame {
   "id": {
      "ELEMENT": "0.04533418668261491-1",
      "element-6066-11e4-a52e-4f735466cecf": "0.04533418668261491-1"
   }
}
[39.371][INFO]: Waiting for pending navigations...
[39.374][INFO]: Done waiting for pending navigations. Status: ok
[39.402][INFO]: Waiting for pending navigations...
[39.403][INFO]: Done waiting for pending navigations. Status: ok
[39.403][INFO]: RESPONSE SwitchToFrame
[40.998][INFO]: COMMAND FindElement {
   "using": "link text",
   "value": "Proveedores"
}
[40.998][INFO]: Waiting for pending navigations...
[41.000][INFO]: Done waiting for pending navigations. Status: ok
[41.021][INFO]: Waiting for pending navigations...
[41.022][INFO]: Done waiting for pending navigations. Status: ok
[41.022][INFO]: RESPONSE FindElement no such element: Unable to locate element: {"method":"link text","selector":"Proveedores"}
  (Session info: chrome=63.0.3239.132)
